<?xml version="1.0" encoding="UTF-8"?>
<!-- Generated by org.testng.reporters.JUnitReportReporter -->
<testsuite hostname="FOCUS-QA-10" name="com.focus.testcases.MasterBinsTest" tests="51" failures="1" timestamp="4 Jan 2023 21:19:41 GMT" time="257.673" errors="0">
  <testcase name="verifyOkInDeleteValidationMessage" time="2.900" classname="com.focus.testcases.MasterBinsTest"/>
  <testcase name="verifyBinsAddGroupNewCreateDisplayInBinsGrid" time="5.486" classname="com.focus.testcases.MasterBinsTest"/>
  <testcase name="verifyCreateViewToggleOptionsBinsMenu" time="2.571" classname="com.focus.testcases.MasterBinsTest"/>
  <testcase name="verifyOtherToolsOptionsBinsMenu" time="3.916" classname="com.focus.testcases.MasterBinsTest"/>
  <testcase name="verifyOpenBinssMenu" time="26.722" classname="com.focus.testcases.MasterBinsTest"/>
  <testcase name="verifyBinsAddGroupCreationScreenAfterSaving" time="5.431" classname="com.focus.testcases.MasterBinsTest"/>
  <testcase name="verifyUpateForNewlyCreateAddGroupBin" time="3.559" classname="com.focus.testcases.MasterBinsTest"/>
  <testcase name="verifyCloseOptionInBinsCreation" time="5.491" classname="com.focus.testcases.MasterBinsTest"/>
  <testcase name="veriyCloneButtonAndSaveInUnitsMasterOptions" time="13.023" classname="com.focus.testcases.MasterBinsTest"/>
  <testcase name="verifyCreateTreeToggleOptionsBinsMenu" time="2.485" classname="com.focus.testcases.MasterBinsTest"/>
  <testcase name="verifyMainPageHeaderFieldsOptionsBinsMenu" time="2.588" classname="com.focus.testcases.MasterBinsTest"/>
  <testcase name="verifyNewButton" time="2.345" classname="com.focus.testcases.MasterBinsTest"/>
  <testcase name="verifyBinsCreationScreenAfterSaving" time="2.446" classname="com.focus.testcases.MasterBinsTest"/>
  <testcase name="verifyCreateNewBinForDeleteOptionValidationMessage" time="14.443" classname="com.focus.testcases.MasterBinsTest"/>
  <testcase name="checkAddGroupButton" time="5.417" classname="com.focus.testcases.MasterBinsTest"/>
  <testcase name="verifyBinDisplayInBinSavingWithCloneMasterOptions" time="5.253" classname="com.focus.testcases.MasterBinsTest"/>
  <testcase name="verifyUpdatedBinsDisplayInBinMaster" time="2.313" classname="com.focus.testcases.MasterBinsTest"/>
  <testcase name="verifySaveButtonWithoutInputName" time="2.607" classname="com.focus.testcases.MasterBinsTest"/>
  <testcase name="verifyHideAccountGroupsOptionsBinsMenu" time="2.528" classname="com.focus.testcases.MasterBinsTest"/>
  <testcase name="checkSaveButtonInGroupWithInputingMandatoryFields" time="3.542" classname="com.focus.testcases.MasterBinsTest"/>
  <testcase name="verifyInActiveBySelectingOkButtonInPropertiesOptionForBin" time="5.628" classname="com.focus.testcases.MasterBinsTest"/>
  <testcase name="verifyDeleteBinDisplay" time="5.336" classname="com.focus.testcases.MasterBinsTest"/>
  <testcase name="verifySaveButtonWithoutInputCodeMandatoryFieldsInAddGroupOption" time="2.736" classname="com.focus.testcases.MasterBinsTest"/>
  <testcase name="verifySaveMultipleBinsInBinGroup" time="3.846" classname="com.focus.testcases.MasterBinsTest"/>
  <testcase name="verifySaveButtonWithoutInputNameMandatoryFieldsInAddGroupOption" time="2.517" classname="com.focus.testcases.MasterBinsTest"/>
  <testcase name="verifySaveButtonInAddGroupWithInputingMandatoryFields" time="3.039" classname="com.focus.testcases.MasterBinsTest"/>
  <testcase name="verifyUpateForNewlyCreateBin" time="4.388" classname="com.focus.testcases.MasterBinsTest"/>
  <testcase name="verifyBinDisplayInBinsSavingWithCopyAndPaste" time="5.446" classname="com.focus.testcases.MasterBinsTest"/>
  <testcase name="verifyEditOptionForNewlyCreateAddGroupBins" time="5.833" classname="com.focus.testcases.MasterBinsTest"/>
  <testcase name="verifyBinsDisplayBinsGridDisplay" time="2.462" classname="com.focus.testcases.MasterBinsTest"/>
  <testcase name="verifySaveButtonWithoutInputCodeMandatoryFieldsInGroupOption" time="2.652" classname="com.focus.testcases.MasterBinsTest"/>
  <testcase name="verifySaveBinGroupByOptionGroup" time="6.463" classname="com.focus.testcases.MasterBinsTest"/>
  <testcase name="verifyBinFirstLevel" time="5.639" classname="com.focus.testcases.MasterBinsTest">
    <failure type="java.lang.AssertionError" message="expected [true] but found [false]">
      <![CDATA[java.lang.AssertionError: expected [true] but found [false]
	at org.testng.Assert.fail(Assert.java:94)
	at org.testng.Assert.failNotEquals(Assert.java:513)
	at org.testng.Assert.assertEqualsImpl(Assert.java:135)
	at org.testng.Assert.assertEquals(Assert.java:116)
	at org.testng.Assert.assertEquals(Assert.java:305)
	at org.testng.Assert.assertEquals(Assert.java:315)
	at com.focus.testcases.MasterBinsTest.verifyBinFirstLevel(MasterBinsTest.java:419)
	at sun.reflect.NativeMethodAccessorImpl.invoke0(Native Method)
	at sun.reflect.NativeMethodAccessorImpl.invoke(Unknown Source)
	at sun.reflect.DelegatingMethodAccessorImpl.invoke(Unknown Source)
	at java.lang.reflect.Method.invoke(Unknown Source)
	at org.testng.internal.MethodInvocationHelper.invokeMethod(MethodInvocationHelper.java:86)
	at org.testng.internal.Invoker.invokeMethod(Invoker.java:643)
	at org.testng.internal.Invoker.invokeTestMethod(Invoker.java:820)
	at org.testng.internal.Invoker.invokeTestMethods(Invoker.java:1128)
	at org.testng.internal.TestMethodWorker.invokeTestMethods(TestMethodWorker.java:129)
	at org.testng.internal.TestMethodWorker.run(TestMethodWorker.java:112)
	at org.testng.TestRunner.privateRun(TestRunner.java:782)
	at org.testng.TestRunner.run(TestRunner.java:632)
	at org.testng.SuiteRunner.runTest(SuiteRunner.java:366)
	at org.testng.SuiteRunner.runSequentially(SuiteRunner.java:361)
	at org.testng.SuiteRunner.privateRun(SuiteRunner.java:319)
	at org.testng.SuiteRunner.run(SuiteRunner.java:268)
	at org.testng.SuiteRunnerWorker.runSuite(SuiteRunnerWorker.java:52)
	at org.testng.SuiteRunnerWorker.run(SuiteRunnerWorker.java:86)
	at org.testng.TestNG.runSuitesSequentially(TestNG.java:1244)
	at org.testng.TestNG.runSuitesLocally(TestNG.java:1169)
	at org.testng.TestNG.run(TestNG.java:1064)
	at org.testng.remote.AbstractRemoteTestNG.run(AbstractRemoteTestNG.java:114)
	at org.testng.remote.RemoteTestNG.initAndRun(RemoteTestNG.java:251)
	at org.testng.remote.RemoteTestNG.main(RemoteTestNG.java:77)
]]>
    </failure>
  </testcase> <!-- verifyBinFirstLevel -->
  <testcase name="verifyCreateNewBinForProperties" time="11.156" classname="com.focus.testcases.MasterBinsTest"/>
  <testcase name="verifyToolsOptionsBinsMenu" time="2.849" classname="com.focus.testcases.MasterBinsTest"/>
  <testcase name="verifyCloseBinsMaster" time="2.931" classname="com.focus.testcases.MasterBinsTest"/>
  <testcase name="verifyClickOnGroupToDisplayEmpty" time="7.764" classname="com.focus.testcases.MasterBinsTest"/>
  <testcase name="verifySaveButtonWithoutInputNameMandatoryFieldsInGroupOption" time="10.765" classname="com.focus.testcases.MasterBinsTest"/>
  <testcase name="verifyBinsGroupNewCreateDisplayInBinsGrid" time="5.410" classname="com.focus.testcases.MasterBinsTest"/>
  <testcase name="verifyMainOptionsBinsMenu" time="6.830" classname="com.focus.testcases.MasterBinsTest"/>
  <testcase name="verifySaveBinInBinGroup" time="4.037" classname="com.focus.testcases.MasterBinsTest"/>
  <testcase name="verifyCopyOptionByPasteOptionWithNewButton" time="3.935" classname="com.focus.testcases.MasterBinsTest"/>
  <testcase name="verifyEditOptionForNewlyCreatedUnit" time="2.922" classname="com.focus.testcases.MasterBinsTest"/>
  <testcase name="verifyCloneButtonAndSaveInBinsMasterCreation" time="3.912" classname="com.focus.testcases.MasterBinsTest"/>
  <testcase name="verifyCloseBinsMasterBeforeGroup" time="2.694" classname="com.focus.testcases.MasterBinsTest"/>
  <testcase name="verifySaveButtonWithoutInputCode" time="2.758" classname="com.focus.testcases.MasterBinsTest"/>
  <testcase name="verifySearchOptionsInMainPageHeaderFieldsOptionsBinsMenu" time="2.421" classname="com.focus.testcases.MasterBinsTest"/>
  <testcase name="verifyBinsDisplayInUnitsSavingWithCloneMasterCreationOptions" time="5.292" classname="com.focus.testcases.MasterBinsTest"/>
  <testcase name="verifyTreeViewOptionsBinsMenu" time="2.443" classname="com.focus.testcases.MasterBinsTest"/>
  <testcase name="verifySaveButton" time="3.215" classname="com.focus.testcases.MasterBinsTest"/>
  <testcase name="verifyUpdatedBinGroupDisplayInBinGrid" time="5.288" classname="com.focus.testcases.MasterBinsTest"/>
</testsuite> <!-- com.focus.testcases.MasterBinsTest -->
