<?xml version="1.0" encoding="UTF-8"?>
<!-- Generated by org.testng.reporters.JUnitReportReporter -->
<testsuite hostname="FOCUS-QA-10" name="com.focus.testcases.LoginPageSignInTest" tests="12" failures="0" timestamp="4 Jan 2023 21:19:41 GMT" time="59.785" errors="0">
  <testcase name="verifySuperUserAsMandatoryInLoginScreen" time="2.512" classname="com.focus.testcases.LoginPageSignInTest"/>
  <testcase name="verifyRememberMeInLoginScreen" time="2.810" classname="com.focus.testcases.LoginPageSignInTest"/>
  <testcase name="verifyPasswordAsInvalidInLoginScreen" time="3.389" classname="com.focus.testcases.LoginPageSignInTest"/>
  <testcase name="verifyLoginInRememberMeRememberPassword" time="13.635" classname="com.focus.testcases.LoginPageSignInTest"/>
  <testcase name="verifyLogoutWithSignInAsRememberMeRememberMyPassword" time="3.478" classname="com.focus.testcases.LoginPageSignInTest"/>
  <testcase name="verifySignInWithRememberMeInLoginScreen" time="11.711" classname="com.focus.testcases.LoginPageSignInTest"/>
  <testcase name="verifyLogoutWithSignInAsRememberMe" time="2.835" classname="com.focus.testcases.LoginPageSignInTest"/>
  <testcase name="verifySuperUserAsInvalidInLoginScreen" time="3.524" classname="com.focus.testcases.LoginPageSignInTest"/>
  <testcase name="verifyRememberMeRememberMyPasswordSelectedInLoginScreen" time="3.213" classname="com.focus.testcases.LoginPageSignInTest"/>
  <testcase name="verifyIForgotMyPassword" time="6.783" classname="com.focus.testcases.LoginPageSignInTest"/>
  <testcase name="verifyPassAsMandatoryInLoginScreen" time="2.808" classname="com.focus.testcases.LoginPageSignInTest"/>
  <testcase name="verifySignInRememberIsCheckedForSecondTime" time="3.087" classname="com.focus.testcases.LoginPageSignInTest"/>
</testsuite> <!-- com.focus.testcases.LoginPageSignInTest -->
