<?xml version="1.0" encoding="UTF-8"?>
<!-- Generated by org.testng.reporters.JUnitReportReporter -->
<testsuite hostname="FOCUS-QA-10" name="com.focus.testcases.HPWrapperLayoutTest" tests="19" failures="0" timestamp="4 Jan 2023 21:19:41 GMT" time="129.026" errors="0">
  <testcase name="verifyLoginAfterChangePasswordChangePasswordAndLogout" time="30.650" classname="com.focus.testcases.HPWrapperLayoutTest"/>
  <testcase name="verifyRecentMenu" time="2.304" classname="com.focus.testcases.HPWrapperLayoutTest"/>
  <testcase name="verifyAlertByUpdatingCompanyClickOnOkButton" time="9.515" classname="com.focus.testcases.HPWrapperLayoutTest"/>
  <testcase name="verifyAvailabilityOptionsInAboutIdQuickAccessMenu" time="6.088" classname="com.focus.testcases.HPWrapperLayoutTest"/>
  <testcase name="verifySaveWithoutInputNewPasswordMandatoryFields" time="2.537" classname="com.focus.testcases.HPWrapperLayoutTest"/>
  <testcase name="verifyCloseBtnInChangePasswordAndCheckLogout" time="25.463" classname="com.focus.testcases.HPWrapperLayoutTest"/>
  <testcase name="verifySaveWithoutInputConfirmPasswordMandatoryFields" time="2.643" classname="com.focus.testcases.HPWrapperLayoutTest"/>
  <testcase name="verifySelectEditCompanyFromSearch" time="11.425" classname="com.focus.testcases.HPWrapperLayoutTest"/>
  <testcase name="verifySaveSameInputOldPasswordNewPassword" time="5.885" classname="com.focus.testcases.HPWrapperLayoutTest"/>
  <testcase name="verifyAvailabilityOptionsInWrapperLayout" time="8.306" classname="com.focus.testcases.HPWrapperLayoutTest"/>
  <testcase name="verifySaveWithMissmatchInputNewPasswordConfirmPassword" time="2.607" classname="com.focus.testcases.HPWrapperLayoutTest"/>
  <testcase name="verifySaveWithValidInputOldNewConfirmPassowrd" time="2.843" classname="com.focus.testcases.HPWrapperLayoutTest"/>
  <testcase name="verifySaveWithoutInputMandatoryFields" time="2.528" classname="com.focus.testcases.HPWrapperLayoutTest"/>
  <testcase name="verifyCloseEditCompanyPageClickOnCancelButton" time="1.035" classname="com.focus.testcases.HPWrapperLayoutTest"/>
  <testcase name="verifyUserInfo" time="2.519" classname="com.focus.testcases.HPWrapperLayoutTest"/>
  <testcase name="verifySearchOptionByInputingEditCompany" time="2.689" classname="com.focus.testcases.HPWrapperLayoutTest"/>
  <testcase name="verifyChangePassword" time="4.280" classname="com.focus.testcases.HPWrapperLayoutTest"/>
  <testcase name="verifySaveWithInvalidOldPassword" time="2.823" classname="com.focus.testcases.HPWrapperLayoutTest"/>
  <testcase name="verifyClickOnAbout" time="2.886" classname="com.focus.testcases.HPWrapperLayoutTest"/>
</testsuite> <!-- com.focus.testcases.HPWrapperLayoutTest -->
