<?xml version="1.0" encoding="UTF-8"?>
<!-- Generated by org.testng.reporters.JUnitReportReporter -->
<testsuite hostname="FOCUS-QA-10" name="com.focus.testcases.MasterUnitTest" tests="43" failures="0" timestamp="4 Jan 2023 21:19:41 GMT" time="230.051" errors="0">
  <testcase name="verifySaveButtonWithInputingMandatoryFieldsBeforeCustomization" time="7.932" classname="com.focus.testcases.MasterUnitTest"/>
  <testcase name="verifyHideAccountGroupsOptionsAccountsMenu" time="2.415" classname="com.focus.testcases.MasterUnitTest"/>
  <testcase name="verifySaveButtonWithAllInputs" time="7.217" classname="com.focus.testcases.MasterUnitTest"/>
  <testcase name="verifySaveButtonWithoutInputNameMandatoryFieldsInNewOptionBeforeCustomization" time="2.537" classname="com.focus.testcases.MasterUnitTest"/>
  <testcase name="verifyCloseUnitsMaster" time="2.649" classname="com.focus.testcases.MasterUnitTest"/>
  <testcase name="verifyUpdatedAccountDisplayInAccountGridBeforeCustomization" time="2.337" classname="com.focus.testcases.MasterUnitTest"/>
  <testcase name="verifyUnitDisplayInUnitsSavingWithCloneMasterCreationOptions" time="2.331" classname="com.focus.testcases.MasterUnitTest"/>
  <testcase name="verifyInActiveBySelectingOkButtonInPropertiesOptionForAccount" time="5.117" classname="com.focus.testcases.MasterUnitTest"/>
  <testcase name="verifyMainPageHeaderFieldsOptionsAccountsMenu" time="2.566" classname="com.focus.testcases.MasterUnitTest"/>
  <testcase name="verifyOkInDeleteValidationMessage" time="4.953" classname="com.focus.testcases.MasterUnitTest"/>
  <testcase name="verifyUnitDisplayInUnitsSavingWithCopyAndPaste" time="2.454" classname="com.focus.testcases.MasterUnitTest"/>
  <testcase name="verifyToolsOptionsAccountsMenu" time="3.932" classname="com.focus.testcases.MasterUnitTest"/>
  <testcase name="verifyCreateTreeToggleOptionsAccountsMenu" time="2.672" classname="com.focus.testcases.MasterUnitTest"/>
  <testcase name="verifyCloneButtonAndSaveInUnitsMasterOptions" time="8.807" classname="com.focus.testcases.MasterUnitTest"/>
  <testcase name="veriyUnitDisplayInUnitsGridBeforeCustomization" time="2.509" classname="com.focus.testcases.MasterUnitTest"/>
  <testcase name="verifyOtherToolsOptionsAccountsMenu" time="2.690" classname="com.focus.testcases.MasterUnitTest"/>
  <testcase name="verifyDeleteAccountDisplayBeforeCustomization" time="2.373" classname="com.focus.testcases.MasterUnitTest"/>
  <testcase name="verifyUnitsConversionFields" time="2.606" classname="com.focus.testcases.MasterUnitTest"/>
  <testcase name="verifyRowDeleteFieldInExchangeRate" time="4.787" classname="com.focus.testcases.MasterUnitTest"/>
  <testcase name="verifyCreateNewUnitForDeleteOptionValidationMessage" time="14.257" classname="com.focus.testcases.MasterUnitTest"/>
  <testcase name="verifyUnitDisplayInUnitsSavingWithCloneMasterOptions" time="2.317" classname="com.focus.testcases.MasterUnitTest"/>
  <testcase name="verifySaveButtonWithoutInputCodeMandatoryFieldsInNewOptionBeforeCustomization" time="4.635" classname="com.focus.testcases.MasterUnitTest"/>
  <testcase name="verifyUpdateButtonWithAllInputs" time="7.338" classname="com.focus.testcases.MasterUnitTest"/>
  <testcase name="verifyTreeViewOptionsAccountsMenu" time="2.507" classname="com.focus.testcases.MasterUnitTest"/>
  <testcase name="verifySaveButtonWithoutInputDecimalsFieldMandatoryFieldsInNewOptionBeforeCustomization" time="4.552" classname="com.focus.testcases.MasterUnitTest"/>
  <testcase name="verifyClearButton" time="4.591" classname="com.focus.testcases.MasterUnitTest"/>
  <testcase name="checkOpenUnitsMenu" time="21.737" classname="com.focus.testcases.MasterUnitTest"/>
  <testcase name="verifySaveButtonWithoutInputBaseUnit" time="4.533" classname="com.focus.testcases.MasterUnitTest"/>
  <testcase name="verifyUnitsCreationScreenAfterSavingBeforeCustomization" time="2.696" classname="com.focus.testcases.MasterUnitTest"/>
  <testcase name="verifySaveButtonWithoutInputUnit" time="10.698" classname="com.focus.testcases.MasterUnitTest"/>
  <testcase name="verifyEditOptionForNewlyCreatedUnit" time="2.937" classname="com.focus.testcases.MasterUnitTest"/>
  <testcase name="verifyNewButtonBeforeCustomization" time="2.930" classname="com.focus.testcases.MasterUnitTest"/>
  <testcase name="verifyRowDeleteOptionInExchangeRate" time="2.366" classname="com.focus.testcases.MasterUnitTest"/>
  <testcase name="verifyCopyOptionByPasteOptionWithNewButton" time="6.634" classname="com.focus.testcases.MasterUnitTest"/>
  <testcase name="verifySearchOptionsInMainPageHeaderFieldsOptionsAccountsMenu" time="2.419" classname="com.focus.testcases.MasterUnitTest"/>
  <testcase name="verifyUpateForNewlyCreateAccountBeforeCustomiztaion" time="11.612" classname="com.focus.testcases.MasterUnitTest"/>
  <testcase name="verifyCreateNewUnitForProperties" time="6.843" classname="com.focus.testcases.MasterUnitTest"/>
  <testcase name="verifyYesRowDeleteOptionInExchangeRate" time="3.505" classname="com.focus.testcases.MasterUnitTest"/>
  <testcase name="verifyCloneButtonAndSaveInUnitsMasterCreation" time="13.840" classname="com.focus.testcases.MasterUnitTest"/>
  <testcase name="verifyCreateViewToggleOptionsAccountsMenu" time="2.488" classname="com.focus.testcases.MasterUnitTest"/>
  <testcase name="verifyUnitsConversionTitle" time="6.579" classname="com.focus.testcases.MasterUnitTest"/>
  <testcase name="verifyMainOptionsUnitsMenu" time="7.984" classname="com.focus.testcases.MasterUnitTest"/>
  <testcase name="verifySaveButtonWithoutInputXFactor" time="7.169" classname="com.focus.testcases.MasterUnitTest"/>
</testsuite> <!-- com.focus.testcases.MasterUnitTest -->
