<?xml version="1.0" encoding="UTF-8"?>
<!-- Generated by org.testng.reporters.JUnitReportReporter -->
<testsuite hostname="FOCUS-QA-10" name="com.focus.testcases.SmokePreferencesTest" tests="83" failures="2" timestamp="4 Jan 2023 21:19:41 GMT" time="659.055" errors="0">
  <testcase name="verifyUpdateMRNstockvaluethroughPurchaseOption" time="4.173" classname="com.focus.testcases.SmokePreferencesTest"/>
  <testcase name="verifyAvailbilityofBins" time="3.866" classname="com.focus.testcases.SmokePreferencesTest"/>
  <testcase name="verifyAuthenticationType" time="5.715" classname="com.focus.testcases.SmokePreferencesTest"/>
  <testcase name="verifyRMAOptions" time="4.273" classname="com.focus.testcases.SmokePreferencesTest"/>
  <testcase name="checkPOSInPreferences" time="8.991" classname="com.focus.testcases.SmokePreferencesTest"/>
  <testcase name="checkUpdateButtonInBins" time="7.928" classname="com.focus.testcases.SmokePreferencesTest"/>
  <testcase name="verifyCloseButtonInMailSettings" time="4.397" classname="com.focus.testcases.SmokePreferencesTest"/>
  <testcase name="checkEnableOverDueCheckOptions" time="4.269" classname="com.focus.testcases.SmokePreferencesTest"/>
  <testcase name="checkUpdatingtheMailSettingsbyUpdatingEmailid" time="12.397" classname="com.focus.testcases.SmokePreferencesTest"/>
  <testcase name="verifyInputingLocalCurrencyOption" time="4.520" classname="com.focus.testcases.SmokePreferencesTest"/>
  <testcase name="checkUpdateOkbuttonMiscelleanous" time="6.749" classname="com.focus.testcases.SmokePreferencesTest"/>
  <testcase name="verifyUpdatedTagsAfterUpdate" time="12.964" classname="com.focus.testcases.SmokePreferencesTest"/>
  <testcase name="checkLoginCompanyWithValidCredentials" time="16.615" classname="com.focus.testcases.SmokePreferencesTest"/>
  <testcase name="checkQualityControlInPreferences" time="4.263" classname="com.focus.testcases.SmokePreferencesTest"/>
  <testcase name="checkSelectingARTagAsDeparment" time="4.278" classname="com.focus.testcases.SmokePreferencesTest"/>
  <testcase name="verifyAvailbilityofRMA" time="3.835" classname="com.focus.testcases.SmokePreferencesTest"/>
  <testcase name="verifyMiscellaneousInPreferences" time="4.120" classname="com.focus.testcases.SmokePreferencesTest"/>
  <testcase name="verifyTagsAfterSaveTags" time="13.201" classname="com.focus.testcases.SmokePreferencesTest"/>
  <testcase name="verifyPickCreditDayFromOptions" time="4.094" classname="com.focus.testcases.SmokePreferencesTest"/>
  <testcase name="checkPreferencesOption" time="6.675" classname="com.focus.testcases.SmokePreferencesTest">
    <failure type="java.lang.AssertionError" message="expected [true] but found [false]">
      <![CDATA[java.lang.AssertionError: expected [true] but found [false]
	at org.testng.Assert.fail(Assert.java:94)
	at org.testng.Assert.failNotEquals(Assert.java:513)
	at org.testng.Assert.assertEqualsImpl(Assert.java:135)
	at org.testng.Assert.assertEquals(Assert.java:116)
	at org.testng.Assert.assertEquals(Assert.java:305)
	at org.testng.Assert.assertEquals(Assert.java:315)
	at com.focus.testcases.SmokePreferencesTest.checkPreferencesOption(SmokePreferencesTest.java:56)
	at sun.reflect.NativeMethodAccessorImpl.invoke0(Native Method)
	at sun.reflect.NativeMethodAccessorImpl.invoke(Unknown Source)
	at sun.reflect.DelegatingMethodAccessorImpl.invoke(Unknown Source)
	at java.lang.reflect.Method.invoke(Unknown Source)
	at org.testng.internal.MethodInvocationHelper.invokeMethod(MethodInvocationHelper.java:86)
	at org.testng.internal.Invoker.invokeMethod(Invoker.java:643)
	at org.testng.internal.Invoker.invokeTestMethod(Invoker.java:820)
	at org.testng.internal.Invoker.invokeTestMethods(Invoker.java:1128)
	at org.testng.internal.TestMethodWorker.invokeTestMethods(TestMethodWorker.java:129)
	at org.testng.internal.TestMethodWorker.run(TestMethodWorker.java:112)
	at org.testng.TestRunner.privateRun(TestRunner.java:782)
	at org.testng.TestRunner.run(TestRunner.java:632)
	at org.testng.SuiteRunner.runTest(SuiteRunner.java:366)
	at org.testng.SuiteRunner.runSequentially(SuiteRunner.java:361)
	at org.testng.SuiteRunner.privateRun(SuiteRunner.java:319)
	at org.testng.SuiteRunner.run(SuiteRunner.java:268)
	at org.testng.SuiteRunnerWorker.runSuite(SuiteRunnerWorker.java:52)
	at org.testng.SuiteRunnerWorker.run(SuiteRunnerWorker.java:86)
	at org.testng.TestNG.runSuitesSequentially(TestNG.java:1244)
	at org.testng.TestNG.runSuitesLocally(TestNG.java:1169)
	at org.testng.TestNG.run(TestNG.java:1064)
	at org.testng.remote.AbstractRemoteTestNG.run(AbstractRemoteTestNG.java:114)
	at org.testng.remote.RemoteTestNG.initAndRun(RemoteTestNG.java:251)
	at org.testng.remote.RemoteTestNG.main(RemoteTestNG.java:77)
]]>
    </failure>
  </testcase> <!-- checkPreferencesOption -->
  <testcase name="verifyEnableBins" time="4.098" classname="com.focus.testcases.SmokePreferencesTest"/>
  <testcase name="verifykMailSettings" time="5.899" classname="com.focus.testcases.SmokePreferencesTest"/>
  <testcase name="verifyUpdateButtonInBatches" time="7.826" classname="com.focus.testcases.SmokePreferencesTest"/>
  <testcase name="checkSelectingAPTagAsDeparment" time="4.191" classname="com.focus.testcases.SmokePreferencesTest"/>
  <testcase name="checkSaveVATAccountsInPreferences" time="28.335" classname="com.focus.testcases.SmokePreferencesTest"/>
  <testcase name="checkSavedOptionsInPreferences" time="85.441" classname="com.focus.testcases.SmokePreferencesTest"/>
  <testcase name="verifyInventoryOptions" time="4.593" classname="com.focus.testcases.SmokePreferencesTest"/>
  <testcase name="verifyUpdateInventoryOptions" time="1.266" classname="com.focus.testcases.SmokePreferencesTest"/>
  <testcase name="verifyUpdateOkButton" time="6.998" classname="com.focus.testcases.SmokePreferencesTest"/>
  <testcase name="checkBudgetScreenUnderPreference" time="7.583" classname="com.focus.testcases.SmokePreferencesTest"/>
  <testcase name="verifyPassword" time="4.122" classname="com.focus.testcases.SmokePreferencesTest"/>
  <testcase name="checkEditAndSavingRateValues" time="15.136" classname="com.focus.testcases.SmokePreferencesTest"/>
  <testcase name="checkINFOInPreferences" time="8.031" classname="com.focus.testcases.SmokePreferencesTest"/>
  <testcase name="verifyMiscellaneousOptions" time="7.209" classname="com.focus.testcases.SmokePreferencesTest"/>
  <testcase name="checkLetterForCreditInPreferences" time="8.123" classname="com.focus.testcases.SmokePreferencesTest"/>
  <testcase name="checkUpdatedFieldsinMailSettings" time="16.256" classname="com.focus.testcases.SmokePreferencesTest"/>
  <testcase name="verifyARAPoptions" time="4.702" classname="com.focus.testcases.SmokePreferencesTest"/>
  <testcase name="verifyEditTagsByUpdateButton" time="5.372" classname="com.focus.testcases.SmokePreferencesTest"/>
  <testcase name="verifyAvailbilityofInventory" time="3.884" classname="com.focus.testcases.SmokePreferencesTest"/>
  <testcase name="verifyEnableRMASupportOption" time="4.245" classname="com.focus.testcases.SmokePreferencesTest"/>
  <testcase name="verifyEnableAccountingTag" time="7.683" classname="com.focus.testcases.SmokePreferencesTest"/>
  <testcase name="checkVATInPreferences" time="7.030" classname="com.focus.testcases.SmokePreferencesTest"/>
  <testcase name="checkCloseAndLogoutTheCompany" time="4.239" classname="com.focus.testcases.SmokePreferencesTest"/>
  <testcase name="checkAvailbilityofPDCandPDCOptionsinPreference" time="6.106" classname="com.focus.testcases.SmokePreferencesTest"/>
  <testcase name="checkConfigureTransactionsMenu" time="16.032" classname="com.focus.testcases.SmokePreferencesTest"/>
  <testcase name="verifySMTPAddress" time="4.152" classname="com.focus.testcases.SmokePreferencesTest"/>
  <testcase name="checkFixedAssetsInPreferences" time="8.111" classname="com.focus.testcases.SmokePreferencesTest"/>
  <testcase name="verifyUpdateButtonInMailSettings" time="8.072" classname="com.focus.testcases.SmokePreferencesTest"/>
  <testcase name="checkEnableBatchExpiryOptions" time="4.263" classname="com.focus.testcases.SmokePreferencesTest"/>
  <testcase name="verifyEMail" time="4.318" classname="com.focus.testcases.SmokePreferencesTest"/>
  <testcase name="verifyAvailbilityofBatch" time="3.859" classname="com.focus.testcases.SmokePreferencesTest"/>
  <testcase name="checkExternalModulesInPreferences" time="16.079" classname="com.focus.testcases.SmokePreferencesTest"/>
  <testcase name="checkMastersOptioninthePreferences" time="5.607" classname="com.focus.testcases.SmokePreferencesTest"/>
  <testcase name="verifyEnableBinsOption" time="4.426" classname="com.focus.testcases.SmokePreferencesTest"/>
  <testcase name="checkAccountsinPreferences" time="8.814" classname="com.focus.testcases.SmokePreferencesTest"/>
  <testcase name="verifySavingDependOnMaintainBillWiseFroARAPOptions" time="4.170" classname="com.focus.testcases.SmokePreferencesTest"/>
  <testcase name="checkEnableSellingRateBuyingRateTag" time="9.236" classname="com.focus.testcases.SmokePreferencesTest"/>
  <testcase name="checkMRPInPreferences" time="6.422" classname="com.focus.testcases.SmokePreferencesTest"/>
  <testcase name="verifySMTPsettings" time="4.120" classname="com.focus.testcases.SmokePreferencesTest"/>
  <testcase name="checkCreateVATInputAccountInPreferences" time="10.081" classname="com.focus.testcases.SmokePreferencesTest"/>
  <testcase name="checkProductionInPreferences" time="5.916" classname="com.focus.testcases.SmokePreferencesTest"/>
  <testcase name="verifyUpdateButtonInRMA" time="7.749" classname="com.focus.testcases.SmokePreferencesTest"/>
  <testcase name="checkWarehouseMangementInPreferences" time="14.975" classname="com.focus.testcases.SmokePreferencesTest">
    <failure type="java.lang.AssertionError" message="expected [true] but found [false]">
      <![CDATA[java.lang.AssertionError: expected [true] but found [false]
	at org.testng.Assert.fail(Assert.java:94)
	at org.testng.Assert.failNotEquals(Assert.java:513)
	at org.testng.Assert.assertEqualsImpl(Assert.java:135)
	at org.testng.Assert.assertEquals(Assert.java:116)
	at org.testng.Assert.assertEquals(Assert.java:305)
	at org.testng.Assert.assertEquals(Assert.java:315)
	at com.focus.testcases.SmokePreferencesTest.checkWarehouseMangementInPreferences(SmokePreferencesTest.java:708)
	at sun.reflect.NativeMethodAccessorImpl.invoke0(Native Method)
	at sun.reflect.NativeMethodAccessorImpl.invoke(Unknown Source)
	at sun.reflect.DelegatingMethodAccessorImpl.invoke(Unknown Source)
	at java.lang.reflect.Method.invoke(Unknown Source)
	at org.testng.internal.MethodInvocationHelper.invokeMethod(MethodInvocationHelper.java:86)
	at org.testng.internal.Invoker.invokeMethod(Invoker.java:643)
	at org.testng.internal.Invoker.invokeTestMethod(Invoker.java:820)
	at org.testng.internal.Invoker.invokeTestMethods(Invoker.java:1128)
	at org.testng.internal.TestMethodWorker.invokeTestMethods(TestMethodWorker.java:129)
	at org.testng.internal.TestMethodWorker.run(TestMethodWorker.java:112)
	at org.testng.TestRunner.privateRun(TestRunner.java:782)
	at org.testng.TestRunner.run(TestRunner.java:632)
	at org.testng.SuiteRunner.runTest(SuiteRunner.java:366)
	at org.testng.SuiteRunner.runSequentially(SuiteRunner.java:361)
	at org.testng.SuiteRunner.privateRun(SuiteRunner.java:319)
	at org.testng.SuiteRunner.run(SuiteRunner.java:268)
	at org.testng.SuiteRunnerWorker.runSuite(SuiteRunnerWorker.java:52)
	at org.testng.SuiteRunnerWorker.run(SuiteRunnerWorker.java:86)
	at org.testng.TestNG.runSuitesSequentially(TestNG.java:1244)
	at org.testng.TestNG.runSuitesLocally(TestNG.java:1169)
	at org.testng.TestNG.run(TestNG.java:1064)
	at org.testng.remote.AbstractRemoteTestNG.run(AbstractRemoteTestNG.java:114)
	at org.testng.remote.RemoteTestNG.initAndRun(RemoteTestNG.java:251)
	at org.testng.remote.RemoteTestNG.main(RemoteTestNG.java:77)
]]>
    </failure>
  </testcase> <!-- checkWarehouseMangementInPreferences -->
  <testcase name="checkMailSettings" time="5.858" classname="com.focus.testcases.SmokePreferencesTest"/>
  <testcase name="verifyEnableInventoryTag" time="5.729" classname="com.focus.testcases.SmokePreferencesTest"/>
  <testcase name="verifyEnableCreditLimitCheckOptions" time="5.629" classname="com.focus.testcases.SmokePreferencesTest"/>
  <testcase name="verifyDependOnMaintainBillWiseFroARAPOptions" time="4.040" classname="com.focus.testcases.SmokePreferencesTest"/>
  <testcase name="verifyEnableBatchNumbersOption" time="4.607" classname="com.focus.testcases.SmokePreferencesTest"/>
  <testcase name="verifyUserSecureConnection" time="4.098" classname="com.focus.testcases.SmokePreferencesTest"/>
  <testcase name="checkUpdatedEmailid" time="9.726" classname="com.focus.testcases.SmokePreferencesTest"/>
  <testcase name="verifyLocalCurrencyOption" time="4.125" classname="com.focus.testcases.SmokePreferencesTest"/>
  <testcase name="checkUpdatebuttonARAP" time="9.583" classname="com.focus.testcases.SmokePreferencesTest"/>
  <testcase name="verifyIncludeReservestockinStockLedgerOption" time="4.147" classname="com.focus.testcases.SmokePreferencesTest"/>
  <testcase name="checkSavingtheSaleandPurchaseRates" time="12.061" classname="com.focus.testcases.SmokePreferencesTest"/>
  <testcase name="verifyOutgoingPort" time="6.032" classname="com.focus.testcases.SmokePreferencesTest"/>
  <testcase name="verifyInputUnitsinTransactionsOption" time="4.099" classname="com.focus.testcases.SmokePreferencesTest"/>
  <testcase name="verifyReservation" time="4.111" classname="com.focus.testcases.SmokePreferencesTest"/>
  <testcase name="verifyARAPinPreferences" time="3.977" classname="com.focus.testcases.SmokePreferencesTest"/>
  <testcase name="verifyCloseButton" time="4.452" classname="com.focus.testcases.SmokePreferencesTest"/>
  <testcase name="checkTagsDefaultTagSettingsOption" time="6.065" classname="com.focus.testcases.SmokePreferencesTest"/>
  <testcase name="checkAvailableOptionsInSettingsMenu" time="9.243" classname="com.focus.testcases.SmokePreferencesTest"/>
  <testcase name="verifyUpdateButton" time="4.582" classname="com.focus.testcases.SmokePreferencesTest"/>
  <testcase name="verifyEditTagsByUpdateOkButton" time="4.798" classname="com.focus.testcases.SmokePreferencesTest"/>
</testsuite> <!-- com.focus.testcases.SmokePreferencesTest -->
