<?xml version="1.0" encoding="UTF-8"?>
<!-- Generated by org.testng.reporters.JUnitReportReporter -->
<testsuite hostname="FOCUS-QA-10" name="com.focus.testcases.URLBrowserTest" tests="2" failures="0" timestamp="4 Jan 2023 21:19:41 GMT" time="15.080" errors="0">
  <testcase name="checkLoginPageTitleByURLInputInBrowser" time="6.075" classname="com.focus.testcases.URLBrowserTest"/>
  <testcase name="verifyBrowserOpen" time="9.005" classname="com.focus.testcases.URLBrowserTest"/>
</testsuite> <!-- com.focus.testcases.URLBrowserTest -->
