<?xml version="1.0" encoding="UTF-8"?>
<!-- Generated by org.testng.reporters.JUnitReportReporter -->
<testsuite hostname="FOCUS-QA-10" name="com.focus.testcases.LoginPageCompanyCreationTest" tests="19" failures="0" timestamp="4 Jan 2023 21:19:41 GMT" time="264.744" errors="0">
  <testcase name="verifyGlobalCurrencyListOfCurrencyDisplayInCreateCompany" time="2.458" classname="com.focus.testcases.LoginPageCompanyCreationTest"/>
  <testcase name="verifyCountryIndiaDisplayInCreateCompany" time="2.566" classname="com.focus.testcases.LoginPageCompanyCreationTest"/>
  <testcase name="checkCreateCompanyInLoginPage" time="8.129" classname="com.focus.testcases.LoginPageCompanyCreationTest"/>
  <testcase name="verifyLoginScreenAfterCompanyCreationInCreateCompany" time="2.618" classname="com.focus.testcases.LoginPageCompanyCreationTest"/>
  <testcase name="verifyCalenderTypeCountAndDefaultValueInCreateCompany" time="2.703" classname="com.focus.testcases.LoginPageCompanyCreationTest"/>
  <testcase name="verifyOkButtonPasswordBlakInCreateCompany" time="4.401" classname="com.focus.testcases.LoginPageCompanyCreationTest"/>
  <testcase name="verifyLanguageDefaultLanguageComboboxInCreateCompany" time="1.816" classname="com.focus.testcases.LoginPageCompanyCreationTest"/>
  <testcase name="checkCompanyCreatePageFields" time="8.920" classname="com.focus.testcases.LoginPageCompanyCreationTest"/>
  <testcase name="verifyCountryComboboxCountInCreateCompany" time="2.497" classname="com.focus.testcases.LoginPageCompanyCreationTest"/>
  <testcase name="verifyCalenderTypeValuesInCreateCompany" time="3.445" classname="com.focus.testcases.LoginPageCompanyCreationTest"/>
  <testcase name="verifyCompanyListAfterCreateCompany" time="5.429" classname="com.focus.testcases.LoginPageCompanyCreationTest"/>
  <testcase name="verifyAccountingDateFormatInCreateCompany" time="2.486" classname="com.focus.testcases.LoginPageCompanyCreationTest"/>
  <testcase name="verifyDefaultLanguageComboboxByUnSelectLangaugesInCreateCompany" time="2.437" classname="com.focus.testcases.LoginPageCompanyCreationTest"/>
  <testcase name="verifySignInAfterCreateCompany" time="11.765" classname="com.focus.testcases.LoginPageCompanyCreationTest"/>
  <testcase name="verifyDefaultLanguageComboboxBySelectLangaugesInCreateCompany" time="2.948" classname="com.focus.testcases.LoginPageCompanyCreationTest"/>
  <testcase name="verifyLogoutAfterCreateCompanyAndSignIn" time="2.928" classname="com.focus.testcases.LoginPageCompanyCreationTest"/>
  <testcase name="verifyCompanyLogoInCreateCompany" time="189.403" classname="com.focus.testcases.LoginPageCompanyCreationTest"/>
  <testcase name="verifyGlobalCurrencyDefaltValueDisplayInCreateCompany" time="2.610" classname="com.focus.testcases.LoginPageCompanyCreationTest"/>
  <testcase name="verifyOkButtonCompanyNameBlakInCreateCompany" time="5.185" classname="com.focus.testcases.LoginPageCompanyCreationTest"/>
</testsuite> <!-- com.focus.testcases.LoginPageCompanyCreationTest -->
